Base path: C:/Program Files/Unity/Hub/Editor/2019.1.4f1/Editor/Data
Cmd: initializeCompiler
Cmd: compileComputeKernel
  api=4 insize=8324 outsize=1701 ok=1
Cmd: compileComputeKernel
  api=4 insize=4413 outsize=1857 ok=1
Cmd: compileComputeKernel
  api=4 insize=22218 outsize=2077 ok=1
Cmd: compileComputeKernel
  api=4 insize=22218 outsize=1317 ok=1
Cmd: compileComputeKernel
  api=4 insize=22218 outsize=1317 ok=1
Cmd: compileComputeKernel
  api=4 insize=22218 outsize=1861 ok=1
Cmd: compileComputeKernel
  api=4 insize=22218 outsize=1993 ok=1
Cmd: compileComputeKernel
  api=4 insize=15584 outsize=1457 ok=1
Cmd: compileComputeKernel
  api=4 insize=15584 outsize=1313 ok=1
Cmd: compileComputeKernel
  api=4 insize=15584 outsize=1749 ok=1
Unhandled exception: Protocol error - unexpected end of data (did the Editor crash?)

Quitting shader compiler process
