Base path: C:/Program Files/Unity/Hub/Editor/2019.1.4f1/Editor/Data
Cmd: initializeCompiler
Cmd: compileComputeKernel
  api=4 insize=8324 outsize=2105 ok=1
Cmd: compileComputeKernel
  api=4 insize=4413 outsize=1857 ok=1
Cmd: compileComputeKernel
  api=4 insize=11059 outsize=2657 ok=1
Cmd: compileComputeKernel
  api=4 insize=22218 outsize=2629 ok=1
Cmd: compileComputeKernel
  api=4 insize=22218 outsize=1377 ok=1
Cmd: compileComputeKernel
  api=4 insize=22218 outsize=1857 ok=1
Cmd: compileComputeKernel
  api=4 insize=15584 outsize=1297 ok=1
Cmd: compileComputeKernel
  api=4 insize=15584 outsize=1301 ok=1
Cmd: compileComputeKernel
  api=4 insize=15584 outsize=1397 ok=1
Cmd: compileComputeKernel
  api=4 insize=15584 outsize=1241 ok=1
Unhandled exception: Protocol error - unexpected end of data (did the Editor crash?)

Quitting shader compiler process
