Base path: C:/Program Files/Unity/Hub/Editor/2019.1.4f1/Editor/Data
Cmd: initializeCompiler
Cmd: compileComputeKernel
  api=4 insize=8324 outsize=2037 ok=1
Cmd: compileComputeKernel
  api=4 insize=11059 outsize=4121 ok=1
Cmd: compileComputeKernel
  api=4 insize=22218 outsize=2029 ok=1
Cmd: compileComputeKernel
  api=4 insize=22218 outsize=3017 ok=1
Cmd: compileComputeKernel
  api=4 insize=22218 outsize=1857 ok=1
Cmd: compileComputeKernel
  api=4 insize=15584 outsize=1253 ok=1
Cmd: compileComputeKernel
  api=4 insize=15584 outsize=1341 ok=1
Cmd: compileComputeKernel
  api=4 insize=15584 outsize=1357 ok=1
Cmd: compileComputeKernel
  api=4 insize=15584 outsize=1625 ok=1
Unhandled exception: Protocol error - unexpected end of data (did the Editor crash?)

Quitting shader compiler process
