Base path: C:/Program Files/Unity/Hub/Editor/2019.1.4f1/Editor/Data
Cmd: initializeCompiler
Cmd: compileComputeKernel
  api=4 insize=8324 outsize=1801 ok=1
Cmd: compileComputeKernel
  api=4 insize=4413 outsize=1857 ok=1
Cmd: compileComputeKernel
  api=4 insize=22218 outsize=2941 ok=1
Cmd: compileComputeKernel
  api=4 insize=22218 outsize=1365 ok=1
Cmd: compileComputeKernel
  api=4 insize=22218 outsize=1357 ok=1
Cmd: compileComputeKernel
  api=4 insize=22218 outsize=2297 ok=1
Cmd: compileComputeKernel
  api=4 insize=1831 outsize=3129 ok=1
Cmd: compileComputeKernel
  api=4 insize=15584 outsize=1317 ok=1
Cmd: compileComputeKernel
  api=4 insize=15584 outsize=1353 ok=1
Cmd: compileComputeKernel
  api=4 insize=15584 outsize=1333 ok=1
Unhandled exception: Protocol error - unexpected end of data (did the Editor crash?)

Quitting shader compiler process
