Base path: C:/Program Files/Unity/Hub/Editor/2019.1.4f1/Editor/Data
Cmd: initializeCompiler
Cmd: compileComputeKernel
  api=4 insize=8324 outsize=1425 ok=1
Cmd: compileComputeKernel
  api=4 insize=4413 outsize=1861 ok=1
Cmd: compileComputeKernel
  api=4 insize=22218 outsize=1577 ok=1
Cmd: compileComputeKernel
  api=4 insize=22218 outsize=1621 ok=1
Cmd: compileComputeKernel
  api=4 insize=22218 outsize=1625 ok=1
Cmd: compileComputeKernel
  api=4 insize=22218 outsize=1305 ok=1
Cmd: compileComputeKernel
  api=4 insize=22218 outsize=1857 ok=1
Cmd: compileComputeKernel
  api=4 insize=15584 outsize=1293 ok=1
Cmd: compileComputeKernel
  api=4 insize=15584 outsize=1365 ok=1
Cmd: compileComputeKernel
  api=4 insize=15584 outsize=1305 ok=1
Unhandled exception: Protocol error - unexpected end of data (did the Editor crash?)

Quitting shader compiler process
